0 info it worked if it ends with ok
1 verbose cli [ '/usr/local/bin/node',
1 verbose cli   '/usr/local/bin/npm',
1 verbose cli   'install',
1 verbose cli   '--save',
1 verbose cli   'ejs' ]
2 info using npm@3.10.3
3 info using node@v6.5.0
4 silly loadCurrentTree Starting
5 silly install loadCurrentTree
6 silly install readLocalPackageData
7 silly fetchPackageMetaData ejs@^2.5.2
8 silly fetchNamedPackageData ejs
9 silly mapToRegistry name ejs
10 silly mapToRegistry using default registry
11 silly mapToRegistry registry https://registry.npmjs.org/
12 silly mapToRegistry data Result {
12 silly mapToRegistry   raw: 'ejs',
12 silly mapToRegistry   scope: null,
12 silly mapToRegistry   escapedName: 'ejs',
12 silly mapToRegistry   name: 'ejs',
12 silly mapToRegistry   rawSpec: '',
12 silly mapToRegistry   spec: 'latest',
12 silly mapToRegistry   type: 'tag' }
13 silly mapToRegistry uri https://registry.npmjs.org/ejs
14 verbose request uri https://registry.npmjs.org/ejs
15 verbose request no auth needed
16 info attempt registry request try #1 at 8:17:35 PM
17 verbose request id 673e74135fc3f338
18 verbose etag "BUXKKL2066CREXJCC2UJV4IV2"
19 http request GET https://registry.npmjs.org/ejs
20 http 200 https://registry.npmjs.org/ejs
21 verbose headers { server: 'CouchDB/1.6.1 (Erlang OTP/R16B03)',
21 verbose headers   etag: '"DX246K31XZQQEAN50TVDOO0HA"',
21 verbose headers   'content-type': 'application/json',
21 verbose headers   'content-encoding': 'gzip',
21 verbose headers   'cache-control': 'max-age=300',
21 verbose headers   'content-length': '11211',
21 verbose headers   'accept-ranges': 'bytes',
21 verbose headers   date: 'Mon, 24 Oct 2016 12:17:35 GMT',
21 verbose headers   via: '1.1 varnish',
21 verbose headers   age: '217',
21 verbose headers   connection: 'keep-alive',
21 verbose headers   'x-served-by': 'cache-sin6923-SIN',
21 verbose headers   'x-cache': 'HIT',
21 verbose headers   'x-cache-hits': '6',
21 verbose headers   'x-timer': 'S1477311455.991438,VS0,VE0',
21 verbose headers   vary: 'Accept-Encoding' }
22 silly get cb [ 200,
22 silly get   { server: 'CouchDB/1.6.1 (Erlang OTP/R16B03)',
22 silly get     etag: '"DX246K31XZQQEAN50TVDOO0HA"',
22 silly get     'content-type': 'application/json',
22 silly get     'content-encoding': 'gzip',
22 silly get     'cache-control': 'max-age=300',
22 silly get     'content-length': '11211',
22 silly get     'accept-ranges': 'bytes',
22 silly get     date: 'Mon, 24 Oct 2016 12:17:35 GMT',
22 silly get     via: '1.1 varnish',
22 silly get     age: '217',
22 silly get     connection: 'keep-alive',
22 silly get     'x-served-by': 'cache-sin6923-SIN',
22 silly get     'x-cache': 'HIT',
22 silly get     'x-cache-hits': '6',
22 silly get     'x-timer': 'S1477311455.991438,VS0,VE0',
22 silly get     vary: 'Accept-Encoding' } ]
23 verbose get saving ejs to /Users/eugeneoei/.npm/registry.npmjs.org/ejs/.cache.json
24 verbose correctMkdir /Users/eugeneoei/.npm correctMkdir not in flight; initializing
25 silly install normalizeTree
26 silly loadCurrentTree Finishing
27 silly loadIdealTree Starting
28 silly install loadIdealTree
29 silly cloneCurrentTree Starting
30 silly install cloneCurrentTreeToIdealTree
31 silly cloneCurrentTree Finishing
32 silly loadShrinkwrap Starting
33 silly install loadShrinkwrap
34 silly loadShrinkwrap Finishing
35 silly loadAllDepsIntoIdealTree Starting
36 silly install loadAllDepsIntoIdealTree
37 silly resolveWithNewModule ejs@2.5.2 checking installable status
38 silly cache add args [ 'ejs@^2.5.2', null ]
39 verbose cache add spec ejs@^2.5.2
40 silly cache add parsed spec Result {
40 silly cache add   raw: 'ejs@^2.5.2',
40 silly cache add   scope: null,
40 silly cache add   escapedName: 'ejs',
40 silly cache add   name: 'ejs',
40 silly cache add   rawSpec: '^2.5.2',
40 silly cache add   spec: '>=2.5.2 <3.0.0',
40 silly cache add   type: 'range' }
41 silly addNamed ejs@>=2.5.2 <3.0.0
42 verbose addNamed ">=2.5.2 <3.0.0" is a valid semver range for ejs
43 silly addNameRange { name: 'ejs', range: '>=2.5.2 <3.0.0', hasData: false }
44 silly mapToRegistry name ejs
45 silly mapToRegistry using default registry
46 silly mapToRegistry registry https://registry.npmjs.org/
47 silly mapToRegistry data Result {
47 silly mapToRegistry   raw: 'ejs',
47 silly mapToRegistry   scope: null,
47 silly mapToRegistry   escapedName: 'ejs',
47 silly mapToRegistry   name: 'ejs',
47 silly mapToRegistry   rawSpec: '',
47 silly mapToRegistry   spec: 'latest',
47 silly mapToRegistry   type: 'tag' }
48 silly mapToRegistry uri https://registry.npmjs.org/ejs
49 verbose addNameRange registry:https://registry.npmjs.org/ejs not in flight; fetching
50 verbose get https://registry.npmjs.org/ejs not expired, no request
51 silly addNameRange number 2 { name: 'ejs', range: '>=2.5.2 <3.0.0', hasData: true }
52 silly addNameRange versions [ 'ejs',
52 silly addNameRange   [ '0.0.1',
52 silly addNameRange     '0.0.2',
52 silly addNameRange     '0.0.3',
52 silly addNameRange     '0.0.4',
52 silly addNameRange     '0.1.0',
52 silly addNameRange     '0.2.0',
52 silly addNameRange     '0.2.1',
52 silly addNameRange     '0.3.0',
52 silly addNameRange     '0.3.1',
52 silly addNameRange     '0.4.0',
52 silly addNameRange     '0.4.1',
52 silly addNameRange     '0.4.2',
52 silly addNameRange     '0.4.3',
52 silly addNameRange     '0.5.0',
52 silly addNameRange     '0.6.0',
52 silly addNameRange     '0.6.1',
52 silly addNameRange     '0.7.0',
52 silly addNameRange     '0.7.1',
52 silly addNameRange     '0.7.2',
52 silly addNameRange     '0.8.0',
52 silly addNameRange     '0.8.1',
52 silly addNameRange     '0.8.2',
52 silly addNameRange     '0.8.3',
52 silly addNameRange     '0.8.4',
52 silly addNameRange     '0.8.5',
52 silly addNameRange     '0.8.6',
52 silly addNameRange     '0.8.8',
52 silly addNameRange     '1.0.0',
52 silly addNameRange     '2.0.2',
52 silly addNameRange     '2.0.3',
52 silly addNameRange     '2.0.4',
52 silly addNameRange     '2.0.5',
52 silly addNameRange     '2.0.6',
52 silly addNameRange     '2.0.7',
52 silly addNameRange     '2.0.8',
52 silly addNameRange     '2.1.1',
52 silly addNameRange     '2.1.2',
52 silly addNameRange     '2.1.3',
52 silly addNameRange     '2.1.4',
52 silly addNameRange     '2.2.1',
52 silly addNameRange     '2.2.2',
52 silly addNameRange     '2.2.3',
52 silly addNameRange     '2.2.4',
52 silly addNameRange     '2.3.1',
52 silly addNameRange     '2.3.2',
52 silly addNameRange     '2.3.3',
52 silly addNameRange     '2.3.4',
52 silly addNameRange     '2.4.1',
52 silly addNameRange     '2.4.2',
52 silly addNameRange     '2.5.1',
52 silly addNameRange     '2.5.2' ] ]
53 silly addNamed ejs@2.5.2
54 verbose addNamed "2.5.2" is a plain semver version for ejs
55 silly cache afterAdd ejs@2.5.2
56 verbose afterAdd /Users/eugeneoei/.npm/ejs/2.5.2/package/package.json not in flight; writing
57 verbose correctMkdir /Users/eugeneoei/.npm correctMkdir not in flight; initializing
58 verbose afterAdd /Users/eugeneoei/.npm/ejs/2.5.2/package/package.json written
59 silly loadAllDepsIntoIdealTree Finishing
60 silly loadIdealTree Finishing
61 silly currentTree project-2-road3pping@1.0.0
61 silly currentTree ├── abbrev@1.0.9
61 silly currentTree ├── accepts@1.3.3
61 silly currentTree ├── ansi-regex@2.0.0
61 silly currentTree ├── ansi-styles@2.2.1
61 silly currentTree ├── ap@0.2.0
61 silly currentTree ├── archy@1.0.0
61 silly currentTree ├── arr-diff@2.0.0
61 silly currentTree ├── arr-flatten@1.0.1
61 silly currentTree ├── array-differ@1.0.0
61 silly currentTree ├── array-find-index@1.0.1
61 silly currentTree ├── array-flatten@1.1.1
61 silly currentTree ├── array-uniq@1.0.3
61 silly currentTree ├── array-unique@0.2.1
61 silly currentTree ├── asn1@0.2.3
61 silly currentTree ├── assert-plus@0.2.0
61 silly currentTree ├── asynckit@0.4.0
61 silly currentTree ├── aws-sign2@0.6.0
61 silly currentTree ├── aws4@1.4.1
61 silly currentTree ├── balanced-match@0.4.2
61 silly currentTree ├── base64-url@1.3.2
61 silly currentTree ├── bcrypt-nodejs@0.0.3
61 silly currentTree ├─┬ bcrypt-pbkdf@1.0.0
61 silly currentTree │ └── tweetnacl@0.14.3
61 silly currentTree ├── beeper@1.1.0
61 silly currentTree ├── bl@1.1.2
61 silly currentTree ├── bluebird@3.3.4
61 silly currentTree ├── body-parser@1.15.2
61 silly currentTree ├── boom@2.10.1
61 silly currentTree ├── brace-expansion@1.1.6
61 silly currentTree ├── braces@1.8.5
61 silly currentTree ├── buffer-writer@1.0.1
61 silly currentTree ├── builtin-modules@1.1.1
61 silly currentTree ├── bytes@2.4.0
61 silly currentTree ├── camelcase-keys@2.1.0
61 silly currentTree ├── camelcase@2.1.1
61 silly currentTree ├── caseless@0.11.0
61 silly currentTree ├── chalk@1.1.3
61 silly currentTree ├── cli-color@0.3.3
61 silly currentTree ├── cliui@3.2.0
61 silly currentTree ├── clone-stats@0.0.1
61 silly currentTree ├── clone@1.0.2
61 silly currentTree ├── code-point-at@1.0.0
61 silly currentTree ├── combined-stream@1.0.5
61 silly currentTree ├── commander@2.9.0
61 silly currentTree ├── concat-map@0.0.1
61 silly currentTree ├── config-chain@1.1.10
61 silly currentTree ├── connect-flash@0.1.1
61 silly currentTree ├── content-disposition@0.5.1
61 silly currentTree ├── content-type@1.0.2
61 silly currentTree ├── cookie-signature@1.0.6
61 silly currentTree ├── cookie@0.3.1
61 silly currentTree ├── core-util-is@1.0.2
61 silly currentTree ├── crc@3.4.0
61 silly currentTree ├── cryptiles@2.0.5
61 silly currentTree ├── currently-unhandled@0.4.1
61 silly currentTree ├── d@0.1.1
61 silly currentTree ├─┬ dashdash@1.14.0
61 silly currentTree │ └── assert-plus@1.0.0
61 silly currentTree ├── dateformat@1.0.12
61 silly currentTree ├── debug@2.2.0
61 silly currentTree ├── decamelize@1.2.0
61 silly currentTree ├── defaults@1.0.3
61 silly currentTree ├── delayed-stream@1.0.0
61 silly currentTree ├── depd@1.1.0
61 silly currentTree ├── deprecated@0.0.1
61 silly currentTree ├── destroy@1.0.4
61 silly currentTree ├── detect-file@0.1.0
61 silly currentTree ├── dotenv@2.0.0
61 silly currentTree ├── dottie@1.1.1
61 silly currentTree ├─┬ duplexer2@0.0.2
61 silly currentTree │ ├── isarray@0.0.1
61 silly currentTree │ └── readable-stream@1.1.14
61 silly currentTree ├── ecc-jsbn@0.1.1
61 silly currentTree ├─┬ editorconfig@0.13.2
61 silly currentTree │ └── lru-cache@3.2.0
61 silly currentTree ├── ee-first@1.1.1
61 silly currentTree ├── ejs@2.5.2
61 silly currentTree ├── encodeurl@1.0.1
61 silly currentTree ├─┬ end-of-stream@0.1.5
61 silly currentTree │ └── once@1.3.3
61 silly currentTree ├── error-ex@1.3.0
61 silly currentTree ├── es5-ext@0.10.12
61 silly currentTree ├── es6-iterator@2.0.0
61 silly currentTree ├── es6-symbol@3.1.0
61 silly currentTree ├─┬ es6-weak-map@0.1.4
61 silly currentTree │ ├── es6-iterator@0.1.3
61 silly currentTree │ └── es6-symbol@2.0.1
61 silly currentTree ├── escape-html@1.0.3
61 silly currentTree ├── escape-string-regexp@1.0.5
61 silly currentTree ├── etag@1.7.0
61 silly currentTree ├── event-emitter@0.3.4
61 silly currentTree ├── expand-brackets@0.1.5
61 silly currentTree ├── expand-range@1.8.2
61 silly currentTree ├── expand-tilde@1.2.2
61 silly currentTree ├── express-session@1.14.1
61 silly currentTree ├── express@4.14.0
61 silly currentTree ├── extend@3.0.0
61 silly currentTree ├── extglob@0.3.2
61 silly currentTree ├── extsprintf@1.0.2
61 silly currentTree ├── fancy-log@1.2.0
61 silly currentTree ├── filename-regex@2.0.0
61 silly currentTree ├── fill-range@2.2.3
61 silly currentTree ├── finalhandler@0.5.0
61 silly currentTree ├── find-index@0.1.1
61 silly currentTree ├── find-up@1.1.2
61 silly currentTree ├── findup-sync@0.4.2
61 silly currentTree ├─┬ fined@1.0.1
61 silly currentTree │ └── lodash.isarray@4.0.0
61 silly currentTree ├── first-chunk-stream@1.0.0
61 silly currentTree ├── flagged-respawn@0.3.2
61 silly currentTree ├── for-in@0.1.6
61 silly currentTree ├── for-own@0.1.4
61 silly currentTree ├── forever-agent@0.6.1
61 silly currentTree ├── form-data@2.0.0
61 silly currentTree ├── forwarded@0.1.0
61 silly currentTree ├── fresh@0.3.0
61 silly currentTree ├── fs-exists-sync@0.1.0
61 silly currentTree ├── fs-extra@0.28.0
61 silly currentTree ├── fs.realpath@1.0.0
61 silly currentTree ├── gaze@0.5.2
61 silly currentTree ├── generate-function@2.0.0
61 silly currentTree ├── generate-object-property@1.2.0
61 silly currentTree ├── generic-pool@2.4.2
61 silly currentTree ├── get-caller-file@1.0.2
61 silly currentTree ├── get-stdin@4.0.1
61 silly currentTree ├─┬ getpass@0.1.6
61 silly currentTree │ └── assert-plus@1.0.0
61 silly currentTree ├── glob-base@0.3.0
61 silly currentTree ├── glob-parent@2.0.0
61 silly currentTree ├─┬ glob-stream@3.1.18
61 silly currentTree │ ├── glob@4.5.3
61 silly currentTree │ ├── isarray@0.0.1
61 silly currentTree │ ├── minimatch@2.0.10
61 silly currentTree │ ├── readable-stream@1.0.34
61 silly currentTree │ └── through2@0.6.5
61 silly currentTree ├── glob-watcher@0.0.6
61 silly currentTree ├── glob@7.1.0
61 silly currentTree ├── glob2base@0.0.12
61 silly currentTree ├── global-modules@0.2.3
61 silly currentTree ├── global-prefix@0.1.4
61 silly currentTree ├─┬ globule@0.1.0
61 silly currentTree │ ├── glob@3.1.21
61 silly currentTree │ ├── graceful-fs@1.2.3
61 silly currentTree │ ├── inherits@1.0.2
61 silly currentTree │ ├── lodash@1.0.2
61 silly currentTree │ └── minimatch@0.2.14
61 silly currentTree ├── glogg@1.0.0
61 silly currentTree ├── graceful-fs@4.1.6
61 silly currentTree ├── graceful-readlink@1.0.1
61 silly currentTree ├─┬ gulp-help@1.6.1
61 silly currentTree │ └── object-assign@3.0.0
61 silly currentTree ├─┬ gulp-util@3.0.7
61 silly currentTree │ └── object-assign@3.0.0
61 silly currentTree ├── gulp@3.9.1
61 silly currentTree ├── gulplog@1.0.0
61 silly currentTree ├── har-validator@2.0.6
61 silly currentTree ├── has-ansi@2.0.0
61 silly currentTree ├── has-gulplog@0.1.0
61 silly currentTree ├── hawk@3.1.3
61 silly currentTree ├── hoek@2.16.3
61 silly currentTree ├── hosted-git-info@2.1.5
61 silly currentTree ├── http-errors@1.5.0
61 silly currentTree ├── http-signature@1.1.1
61 silly currentTree ├── iconv-lite@0.4.13
61 silly currentTree ├── indent-string@2.1.0
61 silly currentTree ├── inflection@1.10.0
61 silly currentTree ├── inflight@1.0.5
61 silly currentTree ├── inherits@2.0.1
61 silly currentTree ├── ini@1.3.4
61 silly currentTree ├── interpret@1.0.1
61 silly currentTree ├── invert-kv@1.0.0
61 silly currentTree ├── ipaddr.js@1.1.1
61 silly currentTree ├─┬ is-absolute@0.2.5
61 silly currentTree │ └── is-windows@0.1.1
61 silly currentTree ├── is-arrayish@0.2.1
61 silly currentTree ├── is-buffer@1.1.4
61 silly currentTree ├── is-builtin-module@1.0.0
61 silly currentTree ├── is-dotfile@1.0.2
61 silly currentTree ├── is-equal-shallow@0.1.3
61 silly currentTree ├── is-extendable@0.1.1
61 silly currentTree ├── is-extglob@1.0.0
61 silly currentTree ├── is-finite@1.0.1
61 silly currentTree ├── is-fullwidth-code-point@1.0.0
61 silly currentTree ├── is-glob@2.0.1
61 silly currentTree ├── is-my-json-valid@2.14.0
61 silly currentTree ├── is-number@2.1.0
61 silly currentTree ├── is-posix-bracket@0.1.1
61 silly currentTree ├── is-primitive@2.0.0
61 silly currentTree ├── is-property@1.0.2
61 silly currentTree ├── is-relative@0.2.1
61 silly currentTree ├── is-typedarray@1.0.0
61 silly currentTree ├── is-unc-path@0.1.1
61 silly currentTree ├── is-utf8@0.2.1
61 silly currentTree ├── is-windows@0.2.0
61 silly currentTree ├── isarray@1.0.0
61 silly currentTree ├── isexe@1.1.2
61 silly currentTree ├── isobject@2.1.0
61 silly currentTree ├── isstream@0.1.2
61 silly currentTree ├── jodid25519@1.0.2
61 silly currentTree ├── js-beautify@1.6.4
61 silly currentTree ├── jsbn@0.1.0
61 silly currentTree ├── json-schema@0.2.3
61 silly currentTree ├── json-stringify-safe@5.0.1
61 silly currentTree ├── jsonfile@2.4.0
61 silly currentTree ├── jsonpointer@2.0.0
61 silly currentTree ├── jsprim@1.3.1
61 silly currentTree ├── kind-of@3.0.4
61 silly currentTree ├── klaw@1.3.0
61 silly currentTree ├── lcid@1.0.0
61 silly currentTree ├── liftoff@2.3.0
61 silly currentTree ├── load-json-file@1.1.0
61 silly currentTree ├── lodash._basecopy@3.0.1
61 silly currentTree ├── lodash._basetostring@3.0.1
61 silly currentTree ├── lodash._basevalues@3.0.0
61 silly currentTree ├── lodash._getnative@3.9.1
61 silly currentTree ├── lodash._isiterateecall@3.0.9
61 silly currentTree ├── lodash._reescape@3.0.0
61 silly currentTree ├── lodash._reevaluate@3.0.0
61 silly currentTree ├── lodash._reinterpolate@3.0.0
61 silly currentTree ├── lodash._root@3.0.1
61 silly currentTree ├── lodash.assign@4.2.0
61 silly currentTree ├── lodash.assignwith@4.2.0
61 silly currentTree ├── lodash.escape@3.2.0
61 silly currentTree ├── lodash.isarguments@3.1.0
61 silly currentTree ├── lodash.isarray@3.0.4
61 silly currentTree ├── lodash.isempty@4.4.0
61 silly currentTree ├── lodash.isplainobject@4.0.6
61 silly currentTree ├── lodash.isstring@4.0.1
61 silly currentTree ├── lodash.keys@3.1.2
61 silly currentTree ├── lodash.mapvalues@4.6.0
61 silly currentTree ├── lodash.pick@4.4.0
61 silly currentTree ├── lodash.restparam@3.6.1
61 silly currentTree ├── lodash.template@3.6.2
61 silly currentTree ├── lodash.templatesettings@3.1.1
61 silly currentTree ├── lodash@4.16.1
61 silly currentTree ├── loud-rejection@1.6.0
61 silly currentTree ├── lru-cache@2.7.3
61 silly currentTree ├── lru-queue@0.1.0
61 silly currentTree ├── map-cache@0.2.2
61 silly currentTree ├── map-obj@1.0.1
61 silly currentTree ├── media-typer@0.3.0
61 silly currentTree ├── memoizee@0.3.10
61 silly currentTree ├── meow@3.7.0
61 silly currentTree ├── merge-descriptors@1.0.1
61 silly currentTree ├── method-override@2.3.6
61 silly currentTree ├── methods@1.1.2
61 silly currentTree ├── micromatch@2.3.11
61 silly currentTree ├── mime-db@1.24.0
61 silly currentTree ├── mime-types@2.1.12
61 silly currentTree ├── mime@1.3.4
61 silly currentTree ├── minimatch@3.0.3
61 silly currentTree ├── minimist@1.2.0
61 silly currentTree ├─┬ mkdirp@0.5.1
61 silly currentTree │ └── minimist@0.0.8
61 silly currentTree ├── moment-timezone@0.5.5
61 silly currentTree ├── moment@2.15.1
61 silly currentTree ├── ms@0.7.1
61 silly currentTree ├── multipipe@0.1.2
61 silly currentTree ├── natives@1.1.0
61 silly currentTree ├── negotiator@0.6.1
61 silly currentTree ├── next-tick@0.2.2
61 silly currentTree ├── node-geocoder@3.15.0
61 silly currentTree ├── node-uuid@1.4.7
61 silly currentTree ├── nopt@3.0.6
61 silly currentTree ├── normalize-package-data@2.3.5
61 silly currentTree ├── normalize-path@2.0.1
61 silly currentTree ├── number-is-nan@1.0.0
61 silly currentTree ├── oauth-sign@0.8.2
61 silly currentTree ├── object-assign@4.1.0
61 silly currentTree ├── object.omit@2.0.0
61 silly currentTree ├── on-finished@2.3.0
61 silly currentTree ├── on-headers@1.0.1
61 silly currentTree ├── once@1.4.0
61 silly currentTree ├── orchestrator@0.3.7
61 silly currentTree ├── ordered-read-streams@0.1.0
61 silly currentTree ├── os-homedir@1.0.1
61 silly currentTree ├── os-locale@1.4.0
61 silly currentTree ├── os-tmpdir@1.0.1
61 silly currentTree ├── osenv@0.1.3
61 silly currentTree ├── packet-reader@0.2.0
61 silly currentTree ├── parse-filepath@1.0.1
61 silly currentTree ├── parse-glob@3.0.4
61 silly currentTree ├── parse-json@2.2.0
61 silly currentTree ├── parseurl@1.3.1
61 silly currentTree ├── passport-local@1.0.0
61 silly currentTree ├── passport-strategy@1.0.0
61 silly currentTree ├── passport@0.3.2
61 silly currentTree ├── path-exists@2.1.0
61 silly currentTree ├── path-is-absolute@1.0.0
61 silly currentTree ├── path-root-regex@0.1.2
61 silly currentTree ├── path-root@0.1.1
61 silly currentTree ├── path-to-regexp@0.1.7
61 silly currentTree ├── path-type@1.1.0
61 silly currentTree ├── pause@0.0.1
61 silly currentTree ├── pg-connection-string@0.1.3
61 silly currentTree ├── pg-hstore@2.3.2
61 silly currentTree ├── pg-pool@1.5.0
61 silly currentTree ├── pg-types@1.11.0
61 silly currentTree ├── pg@6.1.0
61 silly currentTree ├── pgpass@1.0.1
61 silly currentTree ├── pify@2.3.0
61 silly currentTree ├── pinkie-promise@2.0.1
61 silly currentTree ├── pinkie@2.0.4
61 silly currentTree ├── postgres-array@1.0.0
61 silly currentTree ├── postgres-bytea@1.0.0
61 silly currentTree ├── postgres-date@1.0.3
61 silly currentTree ├── postgres-interval@1.0.2
61 silly currentTree ├── preserve@0.2.0
61 silly currentTree ├── pretty-hrtime@1.0.2
61 silly currentTree ├── process-nextick-args@1.0.7
61 silly currentTree ├── proto-list@1.2.4
61 silly currentTree ├── proxy-addr@1.1.2
61 silly currentTree ├── pseudomap@1.0.2
61 silly currentTree ├── qs@6.2.0
61 silly currentTree ├── random-bytes@1.0.0
61 silly currentTree ├── randomatic@1.1.5
61 silly currentTree ├── range-parser@1.2.0
61 silly currentTree ├── raw-body@2.1.7
61 silly currentTree ├── read-pkg-up@1.0.1
61 silly currentTree ├── read-pkg@1.1.0
61 silly currentTree ├── readable-stream@2.0.6
61 silly currentTree ├── rechoir@0.6.2
61 silly currentTree ├── redefine@0.2.1
61 silly currentTree ├── redent@1.0.0
61 silly currentTree ├── regex-cache@0.4.3
61 silly currentTree ├── repeat-element@1.1.2
61 silly currentTree ├── repeat-string@1.5.4
61 silly currentTree ├── repeating@2.0.1
61 silly currentTree ├── replace-ext@0.0.1
61 silly currentTree ├── request-promise-core@1.1.1
61 silly currentTree ├─┬ request-promise@4.1.1
61 silly currentTree │ └── bluebird@3.4.6
61 silly currentTree ├── request@2.75.0
61 silly currentTree ├── require-directory@2.1.1
61 silly currentTree ├── require-main-filename@1.0.1
61 silly currentTree ├── resolve-dir@0.1.1
61 silly currentTree ├── resolve@1.1.7
61 silly currentTree ├── retry-as-promised@2.0.1
61 silly currentTree ├── rimraf@2.5.4
61 silly currentTree ├── semver@4.3.2
61 silly currentTree ├── send@0.14.1
61 silly currentTree ├── sequelize-cli@2.4.0
61 silly currentTree ├─┬ sequelize@3.24.3
61 silly currentTree │ ├── lodash@4.12.0
61 silly currentTree │ └── semver@5.3.0
61 silly currentTree ├── sequencify@0.0.7
61 silly currentTree ├── serve-static@1.11.1
61 silly currentTree ├── set-blocking@2.0.0
61 silly currentTree ├── setprototypeof@1.0.1
61 silly currentTree ├── shimmer@1.1.0
61 silly currentTree ├── sigmund@1.0.1
61 silly currentTree ├── signal-exit@3.0.1
61 silly currentTree ├── sntp@1.0.9
61 silly currentTree ├── sparkles@1.0.0
61 silly currentTree ├── spdx-correct@1.0.2
61 silly currentTree ├── spdx-expression-parse@1.0.3
61 silly currentTree ├── spdx-license-ids@1.2.2
61 silly currentTree ├── split@1.0.0
61 silly currentTree ├─┬ sshpk@1.10.0
61 silly currentTree │ └── assert-plus@1.0.0
61 silly currentTree ├── statuses@1.3.0
61 silly currentTree ├── stealthy-require@1.0.0
61 silly currentTree ├── stream-consume@0.1.0
61 silly currentTree ├── string_decoder@0.10.31
61 silly currentTree ├── string-width@1.0.2
61 silly currentTree ├── stringstream@0.0.5
61 silly currentTree ├── strip-ansi@3.0.1
61 silly currentTree ├── strip-bom@2.0.0
61 silly currentTree ├── strip-indent@1.0.1
61 silly currentTree ├── supports-color@2.0.0
61 silly currentTree ├── terraformer-wkt-parser@1.1.2
61 silly currentTree ├── terraformer@1.0.6
61 silly currentTree ├── through@2.3.8
61 silly currentTree ├── through2@2.0.1
61 silly currentTree ├── tildify@1.2.0
61 silly currentTree ├── time-stamp@1.0.1
61 silly currentTree ├── timers-ext@0.1.0
61 silly currentTree ├── toposort-class@1.0.1
61 silly currentTree ├── tough-cookie@2.3.1
61 silly currentTree ├── trim-newlines@1.0.0
61 silly currentTree ├── tunnel-agent@0.4.3
61 silly currentTree ├── tweetnacl@0.13.3
61 silly currentTree ├── type-is@1.6.13
61 silly currentTree ├── uid-safe@2.1.2
61 silly currentTree ├── umzug@1.11.0
61 silly currentTree ├── unc-path-regex@0.1.2
61 silly currentTree ├── underscore@1.8.3
61 silly currentTree ├── unique-stream@1.0.0
61 silly currentTree ├── unpipe@1.0.0
61 silly currentTree ├── user-home@1.1.1
61 silly currentTree ├── util-deprecate@1.0.2
61 silly currentTree ├── utils-merge@1.0.0
61 silly currentTree ├── v8flags@2.0.11
61 silly currentTree ├── validate-npm-package-license@3.0.1
61 silly currentTree ├── validator@5.7.0
61 silly currentTree ├── vary@1.1.0
61 silly currentTree ├── verror@1.3.6
61 silly currentTree ├─┬ vinyl-fs@0.3.14
61 silly currentTree │ ├── clone@0.2.0
61 silly currentTree │ ├── graceful-fs@3.0.11
61 silly currentTree │ ├── isarray@0.0.1
61 silly currentTree │ ├── readable-stream@1.0.34
61 silly currentTree │ ├── strip-bom@1.0.0
61 silly currentTree │ ├── through2@0.6.5
61 silly currentTree │ └── vinyl@0.4.6
61 silly currentTree ├── vinyl@0.5.3
61 silly currentTree ├── which-module@1.0.0
61 silly currentTree ├── which@1.2.11
61 silly currentTree ├── window-size@0.2.0
61 silly currentTree ├── wkx@0.2.0
61 silly currentTree ├── wrap-ansi@2.0.0
61 silly currentTree ├── wrappy@1.0.2
61 silly currentTree ├── xtend@4.0.1
61 silly currentTree ├── y18n@3.2.1
61 silly currentTree ├─┬ yargs-parser@2.4.1
61 silly currentTree │ └── camelcase@3.0.0
61 silly currentTree └── yargs@4.8.1
62 silly idealTree project-2-road3pping@1.0.0
62 silly idealTree ├── abbrev@1.0.9
62 silly idealTree ├── accepts@1.3.3
62 silly idealTree ├── ansi-regex@2.0.0
62 silly idealTree ├── ansi-styles@2.2.1
62 silly idealTree ├── ap@0.2.0
62 silly idealTree ├── archy@1.0.0
62 silly idealTree ├── arr-diff@2.0.0
62 silly idealTree ├── arr-flatten@1.0.1
62 silly idealTree ├── array-differ@1.0.0
62 silly idealTree ├── array-find-index@1.0.1
62 silly idealTree ├── array-flatten@1.1.1
62 silly idealTree ├── array-uniq@1.0.3
62 silly idealTree ├── array-unique@0.2.1
62 silly idealTree ├── asn1@0.2.3
62 silly idealTree ├── assert-plus@0.2.0
62 silly idealTree ├── asynckit@0.4.0
62 silly idealTree ├── aws-sign2@0.6.0
62 silly idealTree ├── aws4@1.4.1
62 silly idealTree ├── balanced-match@0.4.2
62 silly idealTree ├── base64-url@1.3.2
62 silly idealTree ├── bcrypt-nodejs@0.0.3
62 silly idealTree ├─┬ bcrypt-pbkdf@1.0.0
62 silly idealTree │ └── tweetnacl@0.14.3
62 silly idealTree ├── beeper@1.1.0
62 silly idealTree ├── bl@1.1.2
62 silly idealTree ├── bluebird@3.3.4
62 silly idealTree ├── body-parser@1.15.2
62 silly idealTree ├── boom@2.10.1
62 silly idealTree ├── brace-expansion@1.1.6
62 silly idealTree ├── braces@1.8.5
62 silly idealTree ├── buffer-writer@1.0.1
62 silly idealTree ├── builtin-modules@1.1.1
62 silly idealTree ├── bytes@2.4.0
62 silly idealTree ├── camelcase-keys@2.1.0
62 silly idealTree ├── camelcase@2.1.1
62 silly idealTree ├── caseless@0.11.0
62 silly idealTree ├── chalk@1.1.3
62 silly idealTree ├── cli-color@0.3.3
62 silly idealTree ├── cliui@3.2.0
62 silly idealTree ├── clone-stats@0.0.1
62 silly idealTree ├── clone@1.0.2
62 silly idealTree ├── code-point-at@1.0.0
62 silly idealTree ├── combined-stream@1.0.5
62 silly idealTree ├── commander@2.9.0
62 silly idealTree ├── concat-map@0.0.1
62 silly idealTree ├── config-chain@1.1.10
62 silly idealTree ├── connect-flash@0.1.1
62 silly idealTree ├── content-disposition@0.5.1
62 silly idealTree ├── content-type@1.0.2
62 silly idealTree ├── cookie-signature@1.0.6
62 silly idealTree ├── cookie@0.3.1
62 silly idealTree ├── core-util-is@1.0.2
62 silly idealTree ├── crc@3.4.0
62 silly idealTree ├── cryptiles@2.0.5
62 silly idealTree ├── currently-unhandled@0.4.1
62 silly idealTree ├── d@0.1.1
62 silly idealTree ├─┬ dashdash@1.14.0
62 silly idealTree │ └── assert-plus@1.0.0
62 silly idealTree ├── dateformat@1.0.12
62 silly idealTree ├── debug@2.2.0
62 silly idealTree ├── decamelize@1.2.0
62 silly idealTree ├── defaults@1.0.3
62 silly idealTree ├── delayed-stream@1.0.0
62 silly idealTree ├── depd@1.1.0
62 silly idealTree ├── deprecated@0.0.1
62 silly idealTree ├── destroy@1.0.4
62 silly idealTree ├── detect-file@0.1.0
62 silly idealTree ├── dotenv@2.0.0
62 silly idealTree ├── dottie@1.1.1
62 silly idealTree ├─┬ duplexer2@0.0.2
62 silly idealTree │ ├── isarray@0.0.1
62 silly idealTree │ └── readable-stream@1.1.14
62 silly idealTree ├── ecc-jsbn@0.1.1
62 silly idealTree ├─┬ editorconfig@0.13.2
62 silly idealTree │ └── lru-cache@3.2.0
62 silly idealTree ├── ee-first@1.1.1
62 silly idealTree ├── ejs@2.5.2
62 silly idealTree ├── encodeurl@1.0.1
62 silly idealTree ├─┬ end-of-stream@0.1.5
62 silly idealTree │ └── once@1.3.3
62 silly idealTree ├── error-ex@1.3.0
62 silly idealTree ├── es5-ext@0.10.12
62 silly idealTree ├── es6-iterator@2.0.0
62 silly idealTree ├── es6-symbol@3.1.0
62 silly idealTree ├─┬ es6-weak-map@0.1.4
62 silly idealTree │ ├── es6-iterator@0.1.3
62 silly idealTree │ └── es6-symbol@2.0.1
62 silly idealTree ├── escape-html@1.0.3
62 silly idealTree ├── escape-string-regexp@1.0.5
62 silly idealTree ├── etag@1.7.0
62 silly idealTree ├── event-emitter@0.3.4
62 silly idealTree ├── expand-brackets@0.1.5
62 silly idealTree ├── expand-range@1.8.2
62 silly idealTree ├── expand-tilde@1.2.2
62 silly idealTree ├── express-session@1.14.1
62 silly idealTree ├── express@4.14.0
62 silly idealTree ├── extend@3.0.0
62 silly idealTree ├── extglob@0.3.2
62 silly idealTree ├── extsprintf@1.0.2
62 silly idealTree ├── fancy-log@1.2.0
62 silly idealTree ├── filename-regex@2.0.0
62 silly idealTree ├── fill-range@2.2.3
62 silly idealTree ├── finalhandler@0.5.0
62 silly idealTree ├── find-index@0.1.1
62 silly idealTree ├── find-up@1.1.2
62 silly idealTree ├── findup-sync@0.4.2
62 silly idealTree ├─┬ fined@1.0.1
62 silly idealTree │ └── lodash.isarray@4.0.0
62 silly idealTree ├── first-chunk-stream@1.0.0
62 silly idealTree ├── flagged-respawn@0.3.2
62 silly idealTree ├── for-in@0.1.6
62 silly idealTree ├── for-own@0.1.4
62 silly idealTree ├── forever-agent@0.6.1
62 silly idealTree ├── form-data@2.0.0
62 silly idealTree ├── forwarded@0.1.0
62 silly idealTree ├── fresh@0.3.0
62 silly idealTree ├── fs-exists-sync@0.1.0
62 silly idealTree ├── fs-extra@0.28.0
62 silly idealTree ├── fs.realpath@1.0.0
62 silly idealTree ├── gaze@0.5.2
62 silly idealTree ├── generate-function@2.0.0
62 silly idealTree ├── generate-object-property@1.2.0
62 silly idealTree ├── generic-pool@2.4.2
62 silly idealTree ├── get-caller-file@1.0.2
62 silly idealTree ├── get-stdin@4.0.1
62 silly idealTree ├─┬ getpass@0.1.6
62 silly idealTree │ └── assert-plus@1.0.0
62 silly idealTree ├── glob-base@0.3.0
62 silly idealTree ├── glob-parent@2.0.0
62 silly idealTree ├─┬ glob-stream@3.1.18
62 silly idealTree │ ├── glob@4.5.3
62 silly idealTree │ ├── isarray@0.0.1
62 silly idealTree │ ├── minimatch@2.0.10
62 silly idealTree │ ├── readable-stream@1.0.34
62 silly idealTree │ └── through2@0.6.5
62 silly idealTree ├── glob-watcher@0.0.6
62 silly idealTree ├── glob@7.1.0
62 silly idealTree ├── glob2base@0.0.12
62 silly idealTree ├── global-modules@0.2.3
62 silly idealTree ├── global-prefix@0.1.4
62 silly idealTree ├─┬ globule@0.1.0
62 silly idealTree │ ├── glob@3.1.21
62 silly idealTree │ ├── graceful-fs@1.2.3
62 silly idealTree │ ├── inherits@1.0.2
62 silly idealTree │ ├── lodash@1.0.2
62 silly idealTree │ └── minimatch@0.2.14
62 silly idealTree ├── glogg@1.0.0
62 silly idealTree ├── graceful-fs@4.1.6
62 silly idealTree ├── graceful-readlink@1.0.1
62 silly idealTree ├─┬ gulp-help@1.6.1
62 silly idealTree │ └── object-assign@3.0.0
62 silly idealTree ├─┬ gulp-util@3.0.7
62 silly idealTree │ └── object-assign@3.0.0
62 silly idealTree ├── gulp@3.9.1
62 silly idealTree ├── gulplog@1.0.0
62 silly idealTree ├── har-validator@2.0.6
62 silly idealTree ├── has-ansi@2.0.0
62 silly idealTree ├── has-gulplog@0.1.0
62 silly idealTree ├── hawk@3.1.3
62 silly idealTree ├── hoek@2.16.3
62 silly idealTree ├── hosted-git-info@2.1.5
62 silly idealTree ├── http-errors@1.5.0
62 silly idealTree ├── http-signature@1.1.1
62 silly idealTree ├── iconv-lite@0.4.13
62 silly idealTree ├── indent-string@2.1.0
62 silly idealTree ├── inflection@1.10.0
62 silly idealTree ├── inflight@1.0.5
62 silly idealTree ├── inherits@2.0.1
62 silly idealTree ├── ini@1.3.4
62 silly idealTree ├── interpret@1.0.1
62 silly idealTree ├── invert-kv@1.0.0
62 silly idealTree ├── ipaddr.js@1.1.1
62 silly idealTree ├─┬ is-absolute@0.2.5
62 silly idealTree │ └── is-windows@0.1.1
62 silly idealTree ├── is-arrayish@0.2.1
62 silly idealTree ├── is-buffer@1.1.4
62 silly idealTree ├── is-builtin-module@1.0.0
62 silly idealTree ├── is-dotfile@1.0.2
62 silly idealTree ├── is-equal-shallow@0.1.3
62 silly idealTree ├── is-extendable@0.1.1
62 silly idealTree ├── is-extglob@1.0.0
62 silly idealTree ├── is-finite@1.0.1
62 silly idealTree ├── is-fullwidth-code-point@1.0.0
62 silly idealTree ├── is-glob@2.0.1
62 silly idealTree ├── is-my-json-valid@2.14.0
62 silly idealTree ├── is-number@2.1.0
62 silly idealTree ├── is-posix-bracket@0.1.1
62 silly idealTree ├── is-primitive@2.0.0
62 silly idealTree ├── is-property@1.0.2
62 silly idealTree ├── is-relative@0.2.1
62 silly idealTree ├── is-typedarray@1.0.0
62 silly idealTree ├── is-unc-path@0.1.1
62 silly idealTree ├── is-utf8@0.2.1
62 silly idealTree ├── is-windows@0.2.0
62 silly idealTree ├── isarray@1.0.0
62 silly idealTree ├── isexe@1.1.2
62 silly idealTree ├── isobject@2.1.0
62 silly idealTree ├── isstream@0.1.2
62 silly idealTree ├── jodid25519@1.0.2
62 silly idealTree ├── js-beautify@1.6.4
62 silly idealTree ├── jsbn@0.1.0
62 silly idealTree ├── json-schema@0.2.3
62 silly idealTree ├── json-stringify-safe@5.0.1
62 silly idealTree ├── jsonfile@2.4.0
62 silly idealTree ├── jsonpointer@2.0.0
62 silly idealTree ├── jsprim@1.3.1
62 silly idealTree ├── kind-of@3.0.4
62 silly idealTree ├── klaw@1.3.0
62 silly idealTree ├── lcid@1.0.0
62 silly idealTree ├── liftoff@2.3.0
62 silly idealTree ├── load-json-file@1.1.0
62 silly idealTree ├── lodash._basecopy@3.0.1
62 silly idealTree ├── lodash._basetostring@3.0.1
62 silly idealTree ├── lodash._basevalues@3.0.0
62 silly idealTree ├── lodash._getnative@3.9.1
62 silly idealTree ├── lodash._isiterateecall@3.0.9
62 silly idealTree ├── lodash._reescape@3.0.0
62 silly idealTree ├── lodash._reevaluate@3.0.0
62 silly idealTree ├── lodash._reinterpolate@3.0.0
62 silly idealTree ├── lodash._root@3.0.1
62 silly idealTree ├── lodash.assign@4.2.0
62 silly idealTree ├── lodash.assignwith@4.2.0
62 silly idealTree ├── lodash.escape@3.2.0
62 silly idealTree ├── lodash.isarguments@3.1.0
62 silly idealTree ├── lodash.isarray@3.0.4
62 silly idealTree ├── lodash.isempty@4.4.0
62 silly idealTree ├── lodash.isplainobject@4.0.6
62 silly idealTree ├── lodash.isstring@4.0.1
62 silly idealTree ├── lodash.keys@3.1.2
62 silly idealTree ├── lodash.mapvalues@4.6.0
62 silly idealTree ├── lodash.pick@4.4.0
62 silly idealTree ├── lodash.restparam@3.6.1
62 silly idealTree ├── lodash.template@3.6.2
62 silly idealTree ├── lodash.templatesettings@3.1.1
62 silly idealTree ├── lodash@4.16.1
62 silly idealTree ├── loud-rejection@1.6.0
62 silly idealTree ├── lru-cache@2.7.3
62 silly idealTree ├── lru-queue@0.1.0
62 silly idealTree ├── map-cache@0.2.2
62 silly idealTree ├── map-obj@1.0.1
62 silly idealTree ├── media-typer@0.3.0
62 silly idealTree ├── memoizee@0.3.10
62 silly idealTree ├── meow@3.7.0
62 silly idealTree ├── merge-descriptors@1.0.1
62 silly idealTree ├── method-override@2.3.6
62 silly idealTree ├── methods@1.1.2
62 silly idealTree ├── micromatch@2.3.11
62 silly idealTree ├── mime-db@1.24.0
62 silly idealTree ├── mime-types@2.1.12
62 silly idealTree ├── mime@1.3.4
62 silly idealTree ├── minimatch@3.0.3
62 silly idealTree ├── minimist@1.2.0
62 silly idealTree ├─┬ mkdirp@0.5.1
62 silly idealTree │ └── minimist@0.0.8
62 silly idealTree ├── moment-timezone@0.5.5
62 silly idealTree ├── moment@2.15.1
62 silly idealTree ├── ms@0.7.1
62 silly idealTree ├── multipipe@0.1.2
62 silly idealTree ├── natives@1.1.0
62 silly idealTree ├── negotiator@0.6.1
62 silly idealTree ├── next-tick@0.2.2
62 silly idealTree ├── node-geocoder@3.15.0
62 silly idealTree ├── node-uuid@1.4.7
62 silly idealTree ├── nopt@3.0.6
62 silly idealTree ├── normalize-package-data@2.3.5
62 silly idealTree ├── normalize-path@2.0.1
62 silly idealTree ├── number-is-nan@1.0.0
62 silly idealTree ├── oauth-sign@0.8.2
62 silly idealTree ├── object-assign@4.1.0
62 silly idealTree ├── object.omit@2.0.0
62 silly idealTree ├── on-finished@2.3.0
62 silly idealTree ├── on-headers@1.0.1
62 silly idealTree ├── once@1.4.0
62 silly idealTree ├── orchestrator@0.3.7
62 silly idealTree ├── ordered-read-streams@0.1.0
62 silly idealTree ├── os-homedir@1.0.1
62 silly idealTree ├── os-locale@1.4.0
62 silly idealTree ├── os-tmpdir@1.0.1
62 silly idealTree ├── osenv@0.1.3
62 silly idealTree ├── packet-reader@0.2.0
62 silly idealTree ├── parse-filepath@1.0.1
62 silly idealTree ├── parse-glob@3.0.4
62 silly idealTree ├── parse-json@2.2.0
62 silly idealTree ├── parseurl@1.3.1
62 silly idealTree ├── passport-local@1.0.0
62 silly idealTree ├── passport-strategy@1.0.0
62 silly idealTree ├── passport@0.3.2
62 silly idealTree ├── path-exists@2.1.0
62 silly idealTree ├── path-is-absolute@1.0.0
62 silly idealTree ├── path-root-regex@0.1.2
62 silly idealTree ├── path-root@0.1.1
62 silly idealTree ├── path-to-regexp@0.1.7
62 silly idealTree ├── path-type@1.1.0
62 silly idealTree ├── pause@0.0.1
62 silly idealTree ├── pg-connection-string@0.1.3
62 silly idealTree ├── pg-hstore@2.3.2
62 silly idealTree ├── pg-pool@1.5.0
62 silly idealTree ├── pg-types@1.11.0
62 silly idealTree ├── pg@6.1.0
62 silly idealTree ├── pgpass@1.0.1
62 silly idealTree ├── pify@2.3.0
62 silly idealTree ├── pinkie-promise@2.0.1
62 silly idealTree ├── pinkie@2.0.4
62 silly idealTree ├── postgres-array@1.0.0
62 silly idealTree ├── postgres-bytea@1.0.0
62 silly idealTree ├── postgres-date@1.0.3
62 silly idealTree ├── postgres-interval@1.0.2
62 silly idealTree ├── preserve@0.2.0
62 silly idealTree ├── pretty-hrtime@1.0.2
62 silly idealTree ├── process-nextick-args@1.0.7
62 silly idealTree ├── proto-list@1.2.4
62 silly idealTree ├── proxy-addr@1.1.2
62 silly idealTree ├── pseudomap@1.0.2
62 silly idealTree ├── qs@6.2.0
62 silly idealTree ├── random-bytes@1.0.0
62 silly idealTree ├── randomatic@1.1.5
62 silly idealTree ├── range-parser@1.2.0
62 silly idealTree ├── raw-body@2.1.7
62 silly idealTree ├── read-pkg-up@1.0.1
62 silly idealTree ├── read-pkg@1.1.0
62 silly idealTree ├── readable-stream@2.0.6
62 silly idealTree ├── rechoir@0.6.2
62 silly idealTree ├── redefine@0.2.1
62 silly idealTree ├── redent@1.0.0
62 silly idealTree ├── regex-cache@0.4.3
62 silly idealTree ├── repeat-element@1.1.2
62 silly idealTree ├── repeat-string@1.5.4
62 silly idealTree ├── repeating@2.0.1
62 silly idealTree ├── replace-ext@0.0.1
62 silly idealTree ├── request-promise-core@1.1.1
62 silly idealTree ├─┬ request-promise@4.1.1
62 silly idealTree │ └── bluebird@3.4.6
62 silly idealTree ├── request@2.75.0
62 silly idealTree ├── require-directory@2.1.1
62 silly idealTree ├── require-main-filename@1.0.1
62 silly idealTree ├── resolve-dir@0.1.1
62 silly idealTree ├── resolve@1.1.7
62 silly idealTree ├── retry-as-promised@2.0.1
62 silly idealTree ├── rimraf@2.5.4
62 silly idealTree ├── semver@4.3.2
62 silly idealTree ├── send@0.14.1
62 silly idealTree ├── sequelize-cli@2.4.0
62 silly idealTree ├─┬ sequelize@3.24.3
62 silly idealTree │ ├── lodash@4.12.0
62 silly idealTree │ └── semver@5.3.0
62 silly idealTree ├── sequencify@0.0.7
62 silly idealTree ├── serve-static@1.11.1
62 silly idealTree ├── set-blocking@2.0.0
62 silly idealTree ├── setprototypeof@1.0.1
62 silly idealTree ├── shimmer@1.1.0
62 silly idealTree ├── sigmund@1.0.1
62 silly idealTree ├── signal-exit@3.0.1
62 silly idealTree ├── sntp@1.0.9
62 silly idealTree ├── sparkles@1.0.0
62 silly idealTree ├── spdx-correct@1.0.2
62 silly idealTree ├── spdx-expression-parse@1.0.3
62 silly idealTree ├── spdx-license-ids@1.2.2
62 silly idealTree ├── split@1.0.0
62 silly idealTree ├─┬ sshpk@1.10.0
62 silly idealTree │ └── assert-plus@1.0.0
62 silly idealTree ├── statuses@1.3.0
62 silly idealTree ├── stealthy-require@1.0.0
62 silly idealTree ├── stream-consume@0.1.0
62 silly idealTree ├── string_decoder@0.10.31
62 silly idealTree ├── string-width@1.0.2
62 silly idealTree ├── stringstream@0.0.5
62 silly idealTree ├── strip-ansi@3.0.1
62 silly idealTree ├── strip-bom@2.0.0
62 silly idealTree ├── strip-indent@1.0.1
62 silly idealTree ├── supports-color@2.0.0
62 silly idealTree ├── terraformer-wkt-parser@1.1.2
62 silly idealTree ├── terraformer@1.0.6
62 silly idealTree ├── through@2.3.8
62 silly idealTree ├── through2@2.0.1
62 silly idealTree ├── tildify@1.2.0
62 silly idealTree ├── time-stamp@1.0.1
62 silly idealTree ├── timers-ext@0.1.0
62 silly idealTree ├── toposort-class@1.0.1
62 silly idealTree ├── tough-cookie@2.3.1
62 silly idealTree ├── trim-newlines@1.0.0
62 silly idealTree ├── tunnel-agent@0.4.3
62 silly idealTree ├── tweetnacl@0.13.3
62 silly idealTree ├── type-is@1.6.13
62 silly idealTree ├── uid-safe@2.1.2
62 silly idealTree ├── umzug@1.11.0
62 silly idealTree ├── unc-path-regex@0.1.2
62 silly idealTree ├── underscore@1.8.3
62 silly idealTree ├── unique-stream@1.0.0
62 silly idealTree ├── unpipe@1.0.0
62 silly idealTree ├── user-home@1.1.1
62 silly idealTree ├── util-deprecate@1.0.2
62 silly idealTree ├── utils-merge@1.0.0
62 silly idealTree ├── v8flags@2.0.11
62 silly idealTree ├── validate-npm-package-license@3.0.1
62 silly idealTree ├── validator@5.7.0
62 silly idealTree ├── vary@1.1.0
62 silly idealTree ├── verror@1.3.6
62 silly idealTree ├─┬ vinyl-fs@0.3.14
62 silly idealTree │ ├── clone@0.2.0
62 silly idealTree │ ├── graceful-fs@3.0.11
62 silly idealTree │ ├── isarray@0.0.1
62 silly idealTree │ ├── readable-stream@1.0.34
62 silly idealTree │ ├── strip-bom@1.0.0
62 silly idealTree │ ├── through2@0.6.5
62 silly idealTree │ └── vinyl@0.4.6
62 silly idealTree ├── vinyl@0.5.3
62 silly idealTree ├── which-module@1.0.0
62 silly idealTree ├── which@1.2.11
62 silly idealTree ├── window-size@0.2.0
62 silly idealTree ├── wkx@0.2.0
62 silly idealTree ├── wrap-ansi@2.0.0
62 silly idealTree ├── wrappy@1.0.2
62 silly idealTree ├── xtend@4.0.1
62 silly idealTree ├── y18n@3.2.1
62 silly idealTree ├─┬ yargs-parser@2.4.1
62 silly idealTree │ └── camelcase@3.0.0
62 silly idealTree └── yargs@4.8.1
63 silly generateActionsToTake Starting
64 silly install generateActionsToTake
65 warn checkPermissions Missing write access to /Users/eugeneoei/Desktop/project-2-road3pping/node_modules
66 silly rollbackFailedOptional Starting
67 silly rollbackFailedOptional Finishing
68 silly runTopLevelLifecycles Starting
69 silly runTopLevelLifecycles Finishing
70 silly install printInstalled
71 warn project-2-road3pping@1.0.0 No description
72 verbose stack Error: EACCES: permission denied, access '/Users/eugeneoei/Desktop/project-2-road3pping/node_modules'
72 verbose stack     at Error (native)
73 verbose cwd /Users/eugeneoei/Desktop/project-2-road3pping
74 error Darwin 14.5.0
75 error argv "/usr/local/bin/node" "/usr/local/bin/npm" "install" "--save" "ejs"
76 error node v6.5.0
77 error npm  v3.10.3
78 error path /Users/eugeneoei/Desktop/project-2-road3pping/node_modules
79 error code EACCES
80 error errno -13
81 error syscall access
82 error Error: EACCES: permission denied, access '/Users/eugeneoei/Desktop/project-2-road3pping/node_modules'
82 error     at Error (native)
82 error  { Error: EACCES: permission denied, access '/Users/eugeneoei/Desktop/project-2-road3pping/node_modules'
82 error     at Error (native)
82 error   errno: -13,
82 error   code: 'EACCES',
82 error   syscall: 'access',
82 error   path: '/Users/eugeneoei/Desktop/project-2-road3pping/node_modules' }
83 error Please try running this command again as root/Administrator.
84 verbose exit [ -13, true ]
